<?xml version="1.0" encoding="UTF-8"?>
<!-- Generated by org.testng.reporters.JUnitReportReporter -->
<testsuite hostname="Gelu" failures="0" tests="1" name="com.herokuapp.Checkboxes" time="9.212" errors="0" timestamp="2023-07-10T19:36:10 EEST" skipped="0">
  <testcase classname="com.herokuapp.Checkboxes" name="checkBboxTest" time="9.212"/>
</testsuite> <!-- com.herokuapp.Checkboxes -->
