<?xml version="1.0" encoding="UTF-8"?>
<!-- Generated by org.testng.reporters.JUnitReportReporter -->
<testsuite hostname="Gelu" failures="0" tests="1" name="com.herokuapp.Dropdown" time="3.284" errors="0" timestamp="2023-07-10T19:36:10 EEST" skipped="0">
  <testcase classname="com.herokuapp.Dropdown" name="dropdownTest" time="3.284"/>
</testsuite> <!-- com.herokuapp.Dropdown -->
