<?xml version="1.0" encoding="UTF-8"?>
<!-- Generated by org.testng.reporters.JUnitReportReporter -->
<testsuite hostname="Gelu" failures="0" tests="1" name="com.herokuapp.NegativeLogin" time="5.086" errors="0" timestamp="2023-07-10T19:36:10 EEST" skipped="0">
  <testcase classname="com.herokuapp.NegativeLogin" name="negativeLoginTest" time="5.086"/>
</testsuite> <!-- com.herokuapp.NegativeLogin -->
