<?xml version="1.0" encoding="UTF-8"?>
<!-- Generated by org.testng.reporters.JUnitReportReporter -->
<testsuite hostname="Gelu" failures="0" tests="1" name="com.herokuapp.Upload" time="3.117" errors="0" timestamp="2023-07-12T00:08:45 EEST" skipped="0">
  <testcase classname="com.herokuapp.Upload" name="uploadTest" time="3.117"/>
</testsuite> <!-- com.herokuapp.Upload -->
