<?xml version="1.0" encoding="UTF-8"?>
<!-- Generated by org.testng.reporters.JUnitReportReporter -->
<testsuite hostname="Gelu" failures="0" tests="1" name="com.herokuapp.Dropdown" time="3.044" errors="0" timestamp="2023-07-12T00:08:45 EEST" skipped="0">
  <testcase classname="com.herokuapp.Dropdown" name="dropdownTest" time="3.044"/>
</testsuite> <!-- com.herokuapp.Dropdown -->
