<?xml version="1.0" encoding="UTF-8"?>
<!-- Generated by org.testng.reporters.JUnitReportReporter -->
<testsuite hostname="Gelu" failures="0" tests="1" name="com.herokuapp.Logout" time="3.909" errors="0" timestamp="2023-07-12T00:08:45 EEST" skipped="0">
  <testcase classname="com.herokuapp.Logout" name="logoutTest" time="3.909"/>
</testsuite> <!-- com.herokuapp.Logout -->
