<?xml version="1.0" encoding="UTF-8"?>
<!-- Generated by org.testng.reporters.JUnitReportReporter -->
<testsuite hostname="Gelu" failures="0" tests="1" name="com.herokuapp.Checkboxes" time="9.371" errors="0" timestamp="2023-07-12T00:08:45 EEST" skipped="0">
  <testcase classname="com.herokuapp.Checkboxes" name="checkBboxTest" time="9.371"/>
</testsuite> <!-- com.herokuapp.Checkboxes -->
